<?xml version="1.0" encoding="UTF-8"?>
<testng-results ignored="0" total="1" passed="1" failed="0" skipped="0">
  <reporter-output>
  </reporter-output>
  <suite started-at="2023-08-18T13:08:31 IST" name="Suite" finished-at="2023-08-18T13:09:09 IST" duration-ms="37542">
    <groups>
    </groups>
    <test started-at="2023-08-18T13:08:31 IST" name="Test" finished-at="2023-08-18T13:09:09 IST" duration-ms="37542">
      <class name="orangedemo.demos">
        <test-method is-config="true" signature="setup()[pri:0, instance:orangedemo.demos@306cf3ea]" started-at="2023-08-18T13:08:31 IST" name="setup" finished-at="2023-08-18T13:08:59 IST" duration-ms="27515" status="PASS">
          <reporter-output>
          </reporter-output>
        </test-method> <!-- setup -->
        <test-method signature="login()[pri:0, instance:orangedemo.demos@306cf3ea]" started-at="2023-08-18T13:08:59 IST" name="login" finished-at="2023-08-18T13:09:07 IST" duration-ms="7693" status="PASS">
          <reporter-output>
          </reporter-output>
        </test-method> <!-- login -->
        <test-method is-config="true" signature="teardown()[pri:0, instance:orangedemo.demos@306cf3ea]" started-at="2023-08-18T13:09:07 IST" name="teardown" finished-at="2023-08-18T13:09:09 IST" duration-ms="2286" status="PASS">
          <reporter-output>
          </reporter-output>
        </test-method> <!-- teardown -->
      </class> <!-- orangedemo.demos -->
    </test> <!-- Test -->
  </suite> <!-- Suite -->
</testng-results>
